<?xml version="1.0" encoding="UTF-8"?>
<testsuite xmlns:xsi="http://www.w3.org/2001/XMLSchema-instance" xsi:noNamespaceSchemaLocation="https://maven.apache.org/surefire/maven-surefire-plugin/xsd/surefire-test-report.xsd" name="TestSuite" time="29.817" tests="2" errors="0" skipped="0" failures="0">
  <properties>
[...]
</properties>
  <testcase name="Test1" classname="MyFirstProject.MyFirstProject.LoginFeature" time="3.142"/>
  <testcase name="Test2" classname="MyFirstProject.MyFirstProject.LoginFeature" time="7.479"/>
</testsuite>